# JRE version: OpenJDK Runtime Environment (21.0.8) (build 21.0.8+-14196175-b1038.72)
# Java VM: OpenJDK 64-Bit Server VM (21.0.8+-14196175-b1038.72, mixed mode, tiered, compressed oops, compressed class ptrs, g1 gc, windows-amd64)
GC Precious Log:
 CardTable entry size: 512
 Card Set container configuration: InlinePtr #cards 4 size 8 Array Of Cards #cards 32 size 80 Howl #buckets 8 coarsen threshold 7372 Howl Bitmap #cards 1024 size 144 coarsen threshold 921 Card regions per heap region 1 cards per card region 8192
 CPUs: 16 total, 16 available
 Memory: 7863M
 Large Page Support: Disabled
 NUMA Support: Disabled
 Compressed Oops: Enabled (Zero based)
 Heap Region Size: 4M
 Heap Min Capacity: 8M
 Heap Initial Capacity: 124M
 Heap Max Capacity: 8G
 Pre-touch: Disabled
 Parallel Workers: 13
 Concurrent Workers: 3
 Concurrent Refinement Workers: 13
 Periodic GC: Disabled
Heap:
 garbage-first heap   total 487424K, used 252020K [0x0000000600000000, 0x0000000800000000)
  region size 4096K, 16 young (65536K), 1 survivors (4096K)
 Metaspace       used 139485K, committed 141888K, reserved 1179648K
  class space    used 19381K, committed 20544K, reserved 1048576K
GC Heap History (20 events):
Event: 56.709 GC heap before
{Heap before GC invocations=63 (full 0):
 garbage-first heap   total 225280K, used 198413K [0x0000000600000000, 0x0000000800000000)
  region size 4096K, 16 young (65536K), 2 survivors (8192K)
 Metaspace       used 131832K, committed 134080K, reserved 1179648K
  class space    used 18612K, committed 19712K, reserved 1048576K
}
Event: 56.716 GC heap after
{Heap after GC invocations=64 (full 0):
 garbage-first heap   total 225280K, used 144267K [0x0000000600000000, 0x0000000800000000)
  region size 4096K, 2 young (8192K), 2 survivors (8192K)
 Metaspace       used 131832K, committed 134080K, reserved 1179648K
  class space    used 18612K, committed 19712K, reserved 1048576K
}
Event: 57.611 GC heap before
{Heap before GC invocations=65 (full 0):
 garbage-first heap   total 352256K, used 299915K [0x0000000600000000, 0x0000000800000000)
  region size 4096K, 15 young (61440K), 2 survivors (8192K)
 Metaspace       used 132825K, committed 135104K, reserved 1179648K
  class space    used 18736K, committed 19840K, reserved 1048576K
}
Event: 57.619 GC heap after
{Heap after GC invocations=66 (full 0):
 garbage-first heap   total 352256K, used 252941K [0x0000000600000000, 0x0000000800000000)
  region size 4096K, 2 young (8192K), 2 survivors (8192K)
 Metaspace       used 132825K, committed 135104K, reserved 1179648K
  class space    used 18736K, committed 19840K, reserved 1048576K
}
Event: 60.027 GC heap before
{Heap before GC invocations=66 (full 0):
 garbage-first heap   total 352256K, used 314381K [0x0000000600000000, 0x0000000800000000)
  region size 4096K, 18 young (73728K), 2 survivors (8192K)
 Metaspace       used 136664K, committed 139008K, reserved 1179648K
  class space    used 19189K, committed 20288K, reserved 1048576K
}
Event: 60.037 GC heap after
{Heap after GC invocations=67 (full 0):
 garbage-first heap   total 352256K, used 150265K [0x0000000600000000, 0x0000000800000000)
  region size 4096K, 3 young (12288K), 3 survivors (12288K)
 Metaspace       used 136664K, committed 139008K, reserved 1179648K
  class space    used 19189K, committed 20288K, reserved 1048576K
}
Event: 60.456 GC heap before
{Heap before GC invocations=67 (full 0):
 garbage-first heap   total 352256K, used 310009K [0x0000000600000000, 0x0000000800000000)
  region size 4096K, 43 young (176128K), 3 survivors (12288K)
 Metaspace       used 136844K, committed 139136K, reserved 1179648K
  class space    used 19215K, committed 20288K, reserved 1048576K
}
Event: 60.466 GC heap after
{Heap after GC invocations=68 (full 0):
 garbage-first heap   total 368640K, used 189440K [0x0000000600000000, 0x0000000800000000)
  region size 4096K, 6 young (24576K), 6 survivors (24576K)
 Metaspace       used 136844K, committed 139136K, reserved 1179648K
  class space    used 19215K, committed 20288K, reserved 1048576K
}
Event: 344.339 GC heap before
{Heap before GC invocations=69 (full 0):
 garbage-first heap   total 368640K, used 316416K [0x0000000600000000, 0x0000000800000000)
  region size 4096K, 38 young (155648K), 6 survivors (24576K)
 Metaspace       used 137974K, committed 140288K, reserved 1179648K
  class space    used 19359K, committed 20480K, reserved 1048576K
}
Event: 344.435 GC heap after
{Heap after GC invocations=70 (full 0):
 garbage-first heap   total 368640K, used 182639K [0x0000000600000000, 0x0000000800000000)
  region size 4096K, 3 young (12288K), 3 survivors (12288K)
 Metaspace       used 137974K, committed 140288K, reserved 1179648K
  class space    used 19359K, committed 20480K, reserved 1048576K
}
Event: 355.704 GC heap before
{Heap before GC invocations=70 (full 0):
 garbage-first heap   total 475136K, used 424303K [0x0000000600000000, 0x0000000800000000)
  region size 4096K, 37 young (151552K), 3 survivors (12288K)
 Metaspace       used 138610K, committed 140992K, reserved 1179648K
  class space    used 19368K, committed 20544K, reserved 1048576K
}
Event: 355.753 GC heap after
{Heap after GC invocations=71 (full 0):
 garbage-first heap   total 475136K, used 297891K [0x0000000600000000, 0x0000000800000000)
  region size 4096K, 5 young (20480K), 5 survivors (20480K)
 Metaspace       used 138610K, committed 140992K, reserved 1179648K
  class space    used 19368K, committed 20544K, reserved 1048576K
}
Event: 362.859 GC heap before
{Heap before GC invocations=71 (full 0):
 garbage-first heap   total 475136K, used 420771K [0x0000000600000000, 0x0000000800000000)
  region size 4096K, 36 young (147456K), 5 survivors (20480K)
 Metaspace       used 138728K, committed 141120K, reserved 1179648K
  class space    used 19368K, committed 20544K, reserved 1048576K
}
Event: 362.918 GC heap after
{Heap after GC invocations=72 (full 0):
 garbage-first heap   total 487424K, used 283648K [0x0000000600000000, 0x0000000800000000)
  region size 4096K, 5 young (20480K), 5 survivors (20480K)
 Metaspace       used 138728K, committed 141120K, reserved 1179648K
  class space    used 19368K, committed 20544K, reserved 1048576K
}
Event: 2834.807 GC heap before
{Heap before GC invocations=73 (full 0):
 garbage-first heap   total 487424K, used 406528K [0x0000000600000000, 0x0000000800000000)
  region size 4096K, 39 young (159744K), 5 survivors (20480K)
 Metaspace       used 138944K, committed 141312K, reserved 1179648K
  class space    used 19371K, committed 20544K, reserved 1048576K
}
Event: 2835.005 GC heap after
{Heap after GC invocations=74 (full 0):
 garbage-first heap   total 487424K, used 254260K [0x0000000600000000, 0x0000000800000000)
  region size 4096K, 1 young (4096K), 1 survivors (4096K)
 Metaspace       used 138944K, committed 141312K, reserved 1179648K
  class space    used 19371K, committed 20544K, reserved 1048576K
}
Event: 7140.097 GC heap before
{Heap before GC invocations=74 (full 0):
 garbage-first heap   total 487424K, used 434484K [0x0000000600000000, 0x0000000800000000)
  region size 4096K, 45 young (184320K), 1 survivors (4096K)
 Metaspace       used 139120K, committed 141504K, reserved 1179648K
  class space    used 19374K, committed 20544K, reserved 1048576K
}
Event: 7140.224 GC heap after
{Heap after GC invocations=75 (full 0):
 garbage-first heap   total 487424K, used 253700K [0x0000000600000000, 0x0000000800000000)
  region size 4096K, 2 young (8192K), 2 survivors (8192K)
 Metaspace       used 139120K, committed 141504K, reserved 1179648K
  class space    used 19374K, committed 20544K, reserved 1048576K
}
Event: 7141.835 GC heap before
{Heap before GC invocations=75 (full 0):
 garbage-first heap   total 487424K, used 278276K [0x0000000600000000, 0x0000000800000000)
  region size 4096K, 8 young (32768K), 2 survivors (8192K)
 Metaspace       used 139242K, committed 141632K, reserved 1179648K
  class space    used 19377K, committed 20544K, reserved 1048576K
}
Event: 7141.884 GC heap after
{Heap after GC invocations=76 (full 0):
 garbage-first heap   total 487424K, used 256116K [0x0000000600000000, 0x0000000800000000)
  region size 4096K, 1 young (4096K), 1 survivors (4096K)
 Metaspace       used 139242K, committed 141632K, reserved 1179648K
  class space    used 19377K, committed 20544K, reserved 1048576K
}

