# JRE version: OpenJDK Runtime Environment (21.0.8) (build 21.0.8+-14196175-b1038.72)
# Java VM: OpenJDK 64-Bit Server VM (21.0.8+-14196175-b1038.72, mixed mode, tiered, compressed oops, compressed class ptrs, g1 gc, windows-amd64)
GC Precious Log:
 CardTable entry size: 512
 Card Set container configuration: InlinePtr #cards 4 size 8 Array Of Cards #cards 32 size 80 Howl #buckets 8 coarsen threshold 7372 Howl Bitmap #cards 1024 size 144 coarsen threshold 921 Card regions per heap region 1 cards per card region 8192
 CPUs: 16 total, 16 available
 Memory: 7863M
 Large Page Support: Disabled
 NUMA Support: Disabled
 Compressed Oops: Enabled (Zero based)
 Heap Region Size: 4M
 Heap Min Capacity: 8M
 Heap Initial Capacity: 124M
 Heap Max Capacity: 8G
 Pre-touch: Disabled
 Parallel Workers: 13
 Concurrent Workers: 3
 Concurrent Refinement Workers: 13
 Periodic GC: Disabled
Heap:
 garbage-first heap   total 221184K, used 135268K [0x0000000600000000, 0x0000000800000000)
  region size 4096K, 10 young (40960K), 2 survivors (8192K)
 Metaspace       used 111282K, committed 113408K, reserved 1179648K
  class space    used 15733K, committed 16768K, reserved 1048576K
GC Heap History (20 events):
Event: 10.141 GC heap before
{Heap before GC invocations=25 (full 0):
 garbage-first heap   total 135168K, used 109253K [0x0000000600000000, 0x0000000800000000)
  region size 4096K, 13 young (53248K), 2 survivors (8192K)
 Metaspace       used 91909K, committed 93760K, reserved 1179648K
  class space    used 13161K, committed 14080K, reserved 1048576K
}
Event: 10.146 GC heap after
{Heap after GC invocations=26 (full 0):
 garbage-first heap   total 135168K, used 72043K [0x0000000600000000, 0x0000000800000000)
  region size 4096K, 2 young (8192K), 2 survivors (8192K)
 Metaspace       used 91909K, committed 93760K, reserved 1179648K
  class space    used 13161K, committed 14080K, reserved 1048576K
}
Event: 10.318 GC heap before
{Heap before GC invocations=26 (full 0):
 garbage-first heap   total 135168K, used 108907K [0x0000000600000000, 0x0000000800000000)
  region size 4096K, 12 young (49152K), 2 survivors (8192K)
 Metaspace       used 91977K, committed 93888K, reserved 1179648K
  class space    used 13163K, committed 14080K, reserved 1048576K
}
Event: 10.324 GC heap after
{Heap after GC invocations=27 (full 0):
 garbage-first heap   total 135168K, used 74102K [0x0000000600000000, 0x0000000800000000)
  region size 4096K, 2 young (8192K), 2 survivors (8192K)
 Metaspace       used 91977K, committed 93888K, reserved 1179648K
  class space    used 13163K, committed 14080K, reserved 1048576K
}
Event: 10.422 GC heap before
{Heap before GC invocations=28 (full 0):
 garbage-first heap   total 135168K, used 106870K [0x0000000600000000, 0x0000000800000000)
  region size 4096K, 11 young (45056K), 2 survivors (8192K)
 Metaspace       used 91984K, committed 93888K, reserved 1179648K
  class space    used 13163K, committed 14080K, reserved 1048576K
}
Event: 10.428 GC heap after
{Heap after GC invocations=29 (full 0):
 garbage-first heap   total 135168K, used 75273K [0x0000000600000000, 0x0000000800000000)
  region size 4096K, 1 young (4096K), 1 survivors (4096K)
 Metaspace       used 91984K, committed 93888K, reserved 1179648K
  class space    used 13163K, committed 14080K, reserved 1048576K
}
Event: 11.038 GC heap before
{Heap before GC invocations=29 (full 0):
 garbage-first heap   total 135168K, used 112137K [0x0000000600000000, 0x0000000800000000)
  region size 4096K, 11 young (45056K), 1 survivors (4096K)
 Metaspace       used 92910K, committed 94784K, reserved 1179648K
  class space    used 13278K, committed 14208K, reserved 1048576K
}
Event: 11.044 GC heap after
{Heap after GC invocations=30 (full 0):
 garbage-first heap   total 139264K, used 91204K [0x0000000600000000, 0x0000000800000000)
  region size 4096K, 2 young (8192K), 2 survivors (8192K)
 Metaspace       used 92910K, committed 94784K, reserved 1179648K
  class space    used 13278K, committed 14208K, reserved 1048576K
}
Event: 11.441 GC heap before
{Heap before GC invocations=31 (full 0):
 garbage-first heap   total 159744K, used 111684K [0x0000000600000000, 0x0000000800000000)
  region size 4096K, 8 young (32768K), 2 survivors (8192K)
 Metaspace       used 94475K, committed 96320K, reserved 1179648K
  class space    used 13501K, committed 14400K, reserved 1048576K
}
Event: 11.445 GC heap after
{Heap after GC invocations=32 (full 0):
 garbage-first heap   total 159744K, used 94519K [0x0000000600000000, 0x0000000800000000)
  region size 4096K, 1 young (4096K), 1 survivors (4096K)
 Metaspace       used 94475K, committed 96320K, reserved 1179648K
  class space    used 13501K, committed 14400K, reserved 1048576K
}
Event: 11.961 GC heap before
{Heap before GC invocations=32 (full 0):
 garbage-first heap   total 159744K, used 131383K [0x0000000600000000, 0x0000000800000000)
  region size 4096K, 11 young (45056K), 1 survivors (4096K)
 Metaspace       used 98551K, committed 100480K, reserved 1179648K
  class space    used 13963K, committed 14848K, reserved 1048576K
}
Event: 11.965 GC heap after
{Heap after GC invocations=33 (full 0):
 garbage-first heap   total 159744K, used 96260K [0x0000000600000000, 0x0000000800000000)
  region size 4096K, 2 young (8192K), 2 survivors (8192K)
 Metaspace       used 98551K, committed 100480K, reserved 1179648K
  class space    used 13963K, committed 14848K, reserved 1048576K
}
Event: 12.399 GC heap before
{Heap before GC invocations=34 (full 0):
 garbage-first heap   total 172032K, used 129028K [0x0000000600000000, 0x0000000800000000)
  region size 4096K, 11 young (45056K), 2 survivors (8192K)
 Metaspace       used 100065K, committed 102016K, reserved 1179648K
  class space    used 14184K, committed 15104K, reserved 1048576K
}
Event: 12.403 GC heap after
{Heap after GC invocations=35 (full 0):
 garbage-first heap   total 172032K, used 101350K [0x0000000600000000, 0x0000000800000000)
  region size 4096K, 2 young (8192K), 2 survivors (8192K)
 Metaspace       used 100065K, committed 102016K, reserved 1179648K
  class space    used 14184K, committed 15104K, reserved 1048576K
}
Event: 12.909 GC heap before
{Heap before GC invocations=35 (full 0):
 garbage-first heap   total 172032K, used 146406K [0x0000000600000000, 0x0000000800000000)
  region size 4096K, 13 young (53248K), 2 survivors (8192K)
 Metaspace       used 103617K, committed 105536K, reserved 1179648K
  class space    used 14639K, committed 15616K, reserved 1048576K
}
Event: 12.913 GC heap after
{Heap after GC invocations=36 (full 0):
 garbage-first heap   total 172032K, used 101771K [0x0000000600000000, 0x0000000800000000)
  region size 4096K, 1 young (4096K), 1 survivors (4096K)
 Metaspace       used 103617K, committed 105536K, reserved 1179648K
  class space    used 14639K, committed 15616K, reserved 1048576K
}
Event: 13.525 GC heap before
{Heap before GC invocations=36 (full 0):
 garbage-first heap   total 172032K, used 146827K [0x0000000600000000, 0x0000000800000000)
  region size 4096K, 12 young (49152K), 1 survivors (4096K)
 Metaspace       used 107367K, committed 109376K, reserved 1179648K
  class space    used 15172K, committed 16128K, reserved 1048576K
}
Event: 13.529 GC heap after
{Heap after GC invocations=37 (full 0):
 garbage-first heap   total 172032K, used 103225K [0x0000000600000000, 0x0000000800000000)
  region size 4096K, 2 young (8192K), 2 survivors (8192K)
 Metaspace       used 107367K, committed 109376K, reserved 1179648K
  class space    used 15172K, committed 16128K, reserved 1048576K
}
Event: 14.258 GC heap before
{Heap before GC invocations=38 (full 0):
 garbage-first heap   total 184320K, used 144185K [0x0000000600000000, 0x0000000800000000)
  region size 4096K, 12 young (49152K), 2 survivors (8192K)
 Metaspace       used 108792K, committed 110784K, reserved 1179648K
  class space    used 15369K, committed 16384K, reserved 1048576K
}
Event: 14.264 GC heap after
{Heap after GC invocations=39 (full 0):
 garbage-first heap   total 221184K, used 106596K [0x0000000600000000, 0x0000000800000000)
  region size 4096K, 2 young (8192K), 2 survivors (8192K)
 Metaspace       used 108792K, committed 110784K, reserved 1179648K
  class space    used 15369K, committed 16384K, reserved 1048576K
}

